[2023-11-20 04:41:14] production.ERROR: file_get_contents(/home/edrasl/TPI/TPI-PROJECT-FRONTEND/PopBusrt/.env): Failed to open stream: No such file or directory {"exception":"[object] (ErrorException(code: 0): file_get_contents(/home/edrasl/TPI/TPI-PROJECT-FRONTEND/PopBusrt/.env): Failed to open stream: No such file or directory at /home/edrasl/TPI/TPI-PROJECT-FRONTEND/PopBusrt/vendor/laravel/framework/src/Illuminate/Foundation/Console/KeyGenerateCommand.php:111)
[stacktrace]
#0 /home/edrasl/TPI/TPI-PROJECT-FRONTEND/PopBusrt/vendor/laravel/framework/src/Illuminate/Foundation/Bootstrap/HandleExceptions.php(270): Illuminate\\Foundation\\Bootstrap\\HandleExceptions->handleError()
#1 [internal function]: Illuminate\\Foundation\\Bootstrap\\HandleExceptions->Illuminate\\Foundation\\Bootstrap\\{closure}()
#2 /home/edrasl/TPI/TPI-PROJECT-FRONTEND/PopBusrt/vendor/laravel/framework/src/Illuminate/Foundation/Console/KeyGenerateCommand.php(111): file_get_contents()
#3 /home/edrasl/TPI/TPI-PROJECT-FRONTEND/PopBusrt/vendor/laravel/framework/src/Illuminate/Foundation/Console/KeyGenerateCommand.php(93): Illuminate\\Foundation\\Console\\KeyGenerateCommand->writeNewEnvironmentFileWith()
#4 /home/edrasl/TPI/TPI-PROJECT-FRONTEND/PopBusrt/vendor/laravel/framework/src/Illuminate/Foundation/Console/KeyGenerateCommand.php(58): Illuminate\\Foundation\\Console\\KeyGenerateCommand->setKeyInEnvironmentFile()
#5 /home/edrasl/TPI/TPI-PROJECT-FRONTEND/PopBusrt/vendor/laravel/framework/src/Illuminate/Container/BoundMethod.php(36): Illuminate\\Foundation\\Console\\KeyGenerateCommand->handle()
#6 /home/edrasl/TPI/TPI-PROJECT-FRONTEND/PopBusrt/vendor/laravel/framework/src/Illuminate/Container/Util.php(41): Illuminate\\Container\\BoundMethod::Illuminate\\Container\\{closure}()
#7 /home/edrasl/TPI/TPI-PROJECT-FRONTEND/PopBusrt/vendor/laravel/framework/src/Illuminate/Container/BoundMethod.php(93): Illuminate\\Container\\Util::unwrapIfClosure()
#8 /home/edrasl/TPI/TPI-PROJECT-FRONTEND/PopBusrt/vendor/laravel/framework/src/Illuminate/Container/BoundMethod.php(35): Illuminate\\Container\\BoundMethod::callBoundMethod()
#9 /home/edrasl/TPI/TPI-PROJECT-FRONTEND/PopBusrt/vendor/laravel/framework/src/Illuminate/Container/Container.php(661): Illuminate\\Container\\BoundMethod::call()
#10 /home/edrasl/TPI/TPI-PROJECT-FRONTEND/PopBusrt/vendor/laravel/framework/src/Illuminate/Console/Command.php(183): Illuminate\\Container\\Container->call()
#11 /home/edrasl/TPI/TPI-PROJECT-FRONTEND/PopBusrt/vendor/symfony/console/Command/Command.php(326): Illuminate\\Console\\Command->execute()
#12 /home/edrasl/TPI/TPI-PROJECT-FRONTEND/PopBusrt/vendor/laravel/framework/src/Illuminate/Console/Command.php(152): Symfony\\Component\\Console\\Command\\Command->run()
#13 /home/edrasl/TPI/TPI-PROJECT-FRONTEND/PopBusrt/vendor/symfony/console/Application.php(1063): Illuminate\\Console\\Command->run()
#14 /home/edrasl/TPI/TPI-PROJECT-FRONTEND/PopBusrt/vendor/symfony/console/Application.php(320): Symfony\\Component\\Console\\Application->doRunCommand()
#15 /home/edrasl/TPI/TPI-PROJECT-FRONTEND/PopBusrt/vendor/symfony/console/Application.php(174): Symfony\\Component\\Console\\Application->doRun()
#16 /home/edrasl/TPI/TPI-PROJECT-FRONTEND/PopBusrt/vendor/laravel/framework/src/Illuminate/Console/Application.php(102): Symfony\\Component\\Console\\Application->run()
#17 /home/edrasl/TPI/TPI-PROJECT-FRONTEND/PopBusrt/vendor/laravel/framework/src/Illuminate/Foundation/Console/Kernel.php(155): Illuminate\\Console\\Application->run()
#18 /home/edrasl/TPI/TPI-PROJECT-FRONTEND/PopBusrt/artisan(35): Illuminate\\Foundation\\Console\\Kernel->handle()
#19 {main}
"} 
[2023-11-20 05:19:35] local.ERROR: View [login] not found. {"exception":"[object] (InvalidArgumentException(code: 0): View [login] not found. at /home/edrasl/TPI/TPI-PROJECT-FRONTEND/PopBusrt/vendor/laravel/framework/src/Illuminate/View/FileViewFinder.php:137)
[stacktrace]
#0 /home/edrasl/TPI/TPI-PROJECT-FRONTEND/PopBusrt/vendor/laravel/framework/src/Illuminate/View/FileViewFinder.php(79): Illuminate\\View\\FileViewFinder->findInPaths()
#1 /home/edrasl/TPI/TPI-PROJECT-FRONTEND/PopBusrt/vendor/laravel/framework/src/Illuminate/View/Factory.php(137): Illuminate\\View\\FileViewFinder->find()
#2 /home/edrasl/TPI/TPI-PROJECT-FRONTEND/PopBusrt/vendor/laravel/framework/src/Illuminate/Foundation/helpers.php(1035): Illuminate\\View\\Factory->make()
#3 /home/edrasl/TPI/TPI-PROJECT-FRONTEND/PopBusrt/app/Http/Controllers/LoginController.php(12): view()
#4 /home/edrasl/TPI/TPI-PROJECT-FRONTEND/PopBusrt/vendor/laravel/framework/src/Illuminate/Routing/Controller.php(54): App\\Http\\Controllers\\LoginController->showLoginForm()
#5 /home/edrasl/TPI/TPI-PROJECT-FRONTEND/PopBusrt/vendor/laravel/framework/src/Illuminate/Routing/ControllerDispatcher.php(43): Illuminate\\Routing\\Controller->callAction()
#6 /home/edrasl/TPI/TPI-PROJECT-FRONTEND/PopBusrt/vendor/laravel/framework/src/Illuminate/Routing/Route.php(259): Illuminate\\Routing\\ControllerDispatcher->dispatch()
#7 /home/edrasl/TPI/TPI-PROJECT-FRONTEND/PopBusrt/vendor/laravel/framework/src/Illuminate/Routing/Route.php(205): Illuminate\\Routing\\Route->runController()
#8 /home/edrasl/TPI/TPI-PROJECT-FRONTEND/PopBusrt/vendor/laravel/framework/src/Illuminate/Routing/Router.php(798): Illuminate\\Routing\\Route->run()
#9 /home/edrasl/TPI/TPI-PROJECT-FRONTEND/PopBusrt/vendor/laravel/framework/src/Illuminate/Pipeline/Pipeline.php(141): Illuminate\\Routing\\Router->Illuminate\\Routing\\{closure}()
#10 /home/edrasl/TPI/TPI-PROJECT-FRONTEND/PopBusrt/vendor/laravel/framework/src/Illuminate/Routing/Middleware/SubstituteBindings.php(50): Illuminate\\Pipeline\\Pipeline->Illuminate\\Pipeline\\{closure}()
#11 /home/edrasl/TPI/TPI-PROJECT-FRONTEND/PopBusrt/vendor/laravel/framework/src/Illuminate/Pipeline/Pipeline.php(180): Illuminate\\Routing\\Middleware\\SubstituteBindings->handle()
#12 /home/edrasl/TPI/TPI-PROJECT-FRONTEND/PopBusrt/vendor/laravel/framework/src/Illuminate/Foundation/Http/Middleware/VerifyCsrfToken.php(78): Illuminate\\Pipeline\\Pipeline->Illuminate\\Pipeline\\{closure}()
#13 /home/edrasl/TPI/TPI-PROJECT-FRONTEND/PopBusrt/vendor/laravel/framework/src/Illuminate/Pipeline/Pipeline.php(180): Illuminate\\Foundation\\Http\\Middleware\\VerifyCsrfToken->handle()
#14 /home/edrasl/TPI/TPI-PROJECT-FRONTEND/PopBusrt/vendor/laravel/framework/src/Illuminate/View/Middleware/ShareErrorsFromSession.php(49): Illuminate\\Pipeline\\Pipeline->Illuminate\\Pipeline\\{closure}()
#15 /home/edrasl/TPI/TPI-PROJECT-FRONTEND/PopBusrt/vendor/laravel/framework/src/Illuminate/Pipeline/Pipeline.php(180): Illuminate\\View\\Middleware\\ShareErrorsFromSession->handle()
#16 /home/edrasl/TPI/TPI-PROJECT-FRONTEND/PopBusrt/vendor/laravel/framework/src/Illuminate/Session/Middleware/StartSession.php(121): Illuminate\\Pipeline\\Pipeline->Illuminate\\Pipeline\\{closure}()
#17 /home/edrasl/TPI/TPI-PROJECT-FRONTEND/PopBusrt/vendor/laravel/framework/src/Illuminate/Session/Middleware/StartSession.php(64): Illuminate\\Session\\Middleware\\StartSession->handleStatefulRequest()
#18 /home/edrasl/TPI/TPI-PROJECT-FRONTEND/PopBusrt/vendor/laravel/framework/src/Illuminate/Pipeline/Pipeline.php(180): Illuminate\\Session\\Middleware\\StartSession->handle()
#19 /home/edrasl/TPI/TPI-PROJECT-FRONTEND/PopBusrt/vendor/laravel/framework/src/Illuminate/Cookie/Middleware/AddQueuedCookiesToResponse.php(37): Illuminate\\Pipeline\\Pipeline->Illuminate\\Pipeline\\{closure}()
#20 /home/edrasl/TPI/TPI-PROJECT-FRONTEND/PopBusrt/vendor/laravel/framework/src/Illuminate/Pipeline/Pipeline.php(180): Illuminate\\Cookie\\Middleware\\AddQueuedCookiesToResponse->handle()
#21 /home/edrasl/TPI/TPI-PROJECT-FRONTEND/PopBusrt/vendor/laravel/framework/src/Illuminate/Cookie/Middleware/EncryptCookies.php(67): Illuminate\\Pipeline\\Pipeline->Illuminate\\Pipeline\\{closure}()
#22 /home/edrasl/TPI/TPI-PROJECT-FRONTEND/PopBusrt/vendor/laravel/framework/src/Illuminate/Pipeline/Pipeline.php(180): Illuminate\\Cookie\\Middleware\\EncryptCookies->handle()
#23 /home/edrasl/TPI/TPI-PROJECT-FRONTEND/PopBusrt/vendor/laravel/framework/src/Illuminate/Pipeline/Pipeline.php(116): Illuminate\\Pipeline\\Pipeline->Illuminate\\Pipeline\\{closure}()
#24 /home/edrasl/TPI/TPI-PROJECT-FRONTEND/PopBusrt/vendor/laravel/framework/src/Illuminate/Routing/Router.php(797): Illuminate\\Pipeline\\Pipeline->then()
#25 /home/edrasl/TPI/TPI-PROJECT-FRONTEND/PopBusrt/vendor/laravel/framework/src/Illuminate/Routing/Router.php(776): Illuminate\\Routing\\Router->runRouteWithinStack()
#26 /home/edrasl/TPI/TPI-PROJECT-FRONTEND/PopBusrt/vendor/laravel/framework/src/Illuminate/Routing/Router.php(740): Illuminate\\Routing\\Router->runRoute()
#27 /home/edrasl/TPI/TPI-PROJECT-FRONTEND/PopBusrt/vendor/laravel/framework/src/Illuminate/Routing/Router.php(729): Illuminate\\Routing\\Router->dispatchToRoute()
#28 /home/edrasl/TPI/TPI-PROJECT-FRONTEND/PopBusrt/vendor/laravel/framework/src/Illuminate/Foundation/Http/Kernel.php(190): Illuminate\\Routing\\Router->dispatch()
#29 /home/edrasl/TPI/TPI-PROJECT-FRONTEND/PopBusrt/vendor/laravel/framework/src/Illuminate/Pipeline/Pipeline.php(141): Illuminate\\Foundation\\Http\\Kernel->Illuminate\\Foundation\\Http\\{closure}()
#30 /home/edrasl/TPI/TPI-PROJECT-FRONTEND/PopBusrt/vendor/laravel/framework/src/Illuminate/Foundation/Http/Middleware/TransformsRequest.php(21): Illuminate\\Pipeline\\Pipeline->Illuminate\\Pipeline\\{closure}()
#31 /home/edrasl/TPI/TPI-PROJECT-FRONTEND/PopBusrt/vendor/laravel/framework/src/Illuminate/Foundation/Http/Middleware/ConvertEmptyStringsToNull.php(31): Illuminate\\Foundation\\Http\\Middleware\\TransformsRequest->handle()
#32 /home/edrasl/TPI/TPI-PROJECT-FRONTEND/PopBusrt/vendor/laravel/framework/src/Illuminate/Pipeline/Pipeline.php(180): Illuminate\\Foundation\\Http\\Middleware\\ConvertEmptyStringsToNull->handle()
#33 /home/edrasl/TPI/TPI-PROJECT-FRONTEND/PopBusrt/vendor/laravel/framework/src/Illuminate/Foundation/Http/Middleware/TransformsRequest.php(21): Illuminate\\Pipeline\\Pipeline->Illuminate\\Pipeline\\{closure}()
#34 /home/edrasl/TPI/TPI-PROJECT-FRONTEND/PopBusrt/vendor/laravel/framework/src/Illuminate/Foundation/Http/Middleware/TrimStrings.php(40): Illuminate\\Foundation\\Http\\Middleware\\TransformsRequest->handle()
#35 /home/edrasl/TPI/TPI-PROJECT-FRONTEND/PopBusrt/vendor/laravel/framework/src/Illuminate/Pipeline/Pipeline.php(180): Illuminate\\Foundation\\Http\\Middleware\\TrimStrings->handle()
#36 /home/edrasl/TPI/TPI-PROJECT-FRONTEND/PopBusrt/vendor/laravel/framework/src/Illuminate/Foundation/Http/Middleware/ValidatePostSize.php(27): Illuminate\\Pipeline\\Pipeline->Illuminate\\Pipeline\\{closure}()
#37 /home/edrasl/TPI/TPI-PROJECT-FRONTEND/PopBusrt/vendor/laravel/framework/src/Illuminate/Pipeline/Pipeline.php(180): Illuminate\\Foundation\\Http\\Middleware\\ValidatePostSize->handle()
#38 /home/edrasl/TPI/TPI-PROJECT-FRONTEND/PopBusrt/vendor/laravel/framework/src/Illuminate/Foundation/Http/Middleware/PreventRequestsDuringMaintenance.php(86): Illuminate\\Pipeline\\Pipeline->Illuminate\\Pipeline\\{closure}()
#39 /home/edrasl/TPI/TPI-PROJECT-FRONTEND/PopBusrt/vendor/laravel/framework/src/Illuminate/Pipeline/Pipeline.php(180): Illuminate\\Foundation\\Http\\Middleware\\PreventRequestsDuringMaintenance->handle()
#40 /home/edrasl/TPI/TPI-PROJECT-FRONTEND/PopBusrt/vendor/laravel/framework/src/Illuminate/Http/Middleware/HandleCors.php(49): Illuminate\\Pipeline\\Pipeline->Illuminate\\Pipeline\\{closure}()
#41 /home/edrasl/TPI/TPI-PROJECT-FRONTEND/PopBusrt/vendor/laravel/framework/src/Illuminate/Pipeline/Pipeline.php(180): Illuminate\\Http\\Middleware\\HandleCors->handle()
#42 /home/edrasl/TPI/TPI-PROJECT-FRONTEND/PopBusrt/vendor/laravel/framework/src/Illuminate/Http/Middleware/TrustProxies.php(39): Illuminate\\Pipeline\\Pipeline->Illuminate\\Pipeline\\{closure}()
#43 /home/edrasl/TPI/TPI-PROJECT-FRONTEND/PopBusrt/vendor/laravel/framework/src/Illuminate/Pipeline/Pipeline.php(180): Illuminate\\Http\\Middleware\\TrustProxies->handle()
#44 /home/edrasl/TPI/TPI-PROJECT-FRONTEND/PopBusrt/vendor/laravel/framework/src/Illuminate/Pipeline/Pipeline.php(116): Illuminate\\Pipeline\\Pipeline->Illuminate\\Pipeline\\{closure}()
#45 /home/edrasl/TPI/TPI-PROJECT-FRONTEND/PopBusrt/vendor/laravel/framework/src/Illuminate/Foundation/Http/Kernel.php(165): Illuminate\\Pipeline\\Pipeline->then()
#46 /home/edrasl/TPI/TPI-PROJECT-FRONTEND/PopBusrt/vendor/laravel/framework/src/Illuminate/Foundation/Http/Kernel.php(134): Illuminate\\Foundation\\Http\\Kernel->sendRequestThroughRouter()
#47 /home/edrasl/TPI/TPI-PROJECT-FRONTEND/PopBusrt/public/index.php(51): Illuminate\\Foundation\\Http\\Kernel->handle()
#48 /home/edrasl/TPI/TPI-PROJECT-FRONTEND/PopBusrt/vendor/laravel/framework/src/Illuminate/Foundation/resources/server.php(16): require_once('...')
#49 {main}
"} 
[2023-11-20 05:19:54] local.ERROR: View [login] not found. {"exception":"[object] (InvalidArgumentException(code: 0): View [login] not found. at /home/edrasl/TPI/TPI-PROJECT-FRONTEND/PopBusrt/vendor/laravel/framework/src/Illuminate/View/FileViewFinder.php:137)
[stacktrace]
#0 /home/edrasl/TPI/TPI-PROJECT-FRONTEND/PopBusrt/vendor/laravel/framework/src/Illuminate/View/FileViewFinder.php(79): Illuminate\\View\\FileViewFinder->findInPaths()
#1 /home/edrasl/TPI/TPI-PROJECT-FRONTEND/PopBusrt/vendor/laravel/framework/src/Illuminate/View/Factory.php(137): Illuminate\\View\\FileViewFinder->find()
#2 /home/edrasl/TPI/TPI-PROJECT-FRONTEND/PopBusrt/vendor/laravel/framework/src/Illuminate/Foundation/helpers.php(1035): Illuminate\\View\\Factory->make()
#3 /home/edrasl/TPI/TPI-PROJECT-FRONTEND/PopBusrt/app/Http/Controllers/LoginController.php(12): view()
#4 /home/edrasl/TPI/TPI-PROJECT-FRONTEND/PopBusrt/vendor/laravel/framework/src/Illuminate/Routing/Controller.php(54): App\\Http\\Controllers\\LoginController->showLoginForm()
#5 /home/edrasl/TPI/TPI-PROJECT-FRONTEND/PopBusrt/vendor/laravel/framework/src/Illuminate/Routing/ControllerDispatcher.php(43): Illuminate\\Routing\\Controller->callAction()
#6 /home/edrasl/TPI/TPI-PROJECT-FRONTEND/PopBusrt/vendor/laravel/framework/src/Illuminate/Routing/Route.php(259): Illuminate\\Routing\\ControllerDispatcher->dispatch()
#7 /home/edrasl/TPI/TPI-PROJECT-FRONTEND/PopBusrt/vendor/laravel/framework/src/Illuminate/Routing/Route.php(205): Illuminate\\Routing\\Route->runController()
#8 /home/edrasl/TPI/TPI-PROJECT-FRONTEND/PopBusrt/vendor/laravel/framework/src/Illuminate/Routing/Router.php(798): Illuminate\\Routing\\Route->run()
#9 /home/edrasl/TPI/TPI-PROJECT-FRONTEND/PopBusrt/vendor/laravel/framework/src/Illuminate/Pipeline/Pipeline.php(141): Illuminate\\Routing\\Router->Illuminate\\Routing\\{closure}()
#10 /home/edrasl/TPI/TPI-PROJECT-FRONTEND/PopBusrt/vendor/laravel/framework/src/Illuminate/Routing/Middleware/SubstituteBindings.php(50): Illuminate\\Pipeline\\Pipeline->Illuminate\\Pipeline\\{closure}()
#11 /home/edrasl/TPI/TPI-PROJECT-FRONTEND/PopBusrt/vendor/laravel/framework/src/Illuminate/Pipeline/Pipeline.php(180): Illuminate\\Routing\\Middleware\\SubstituteBindings->handle()
#12 /home/edrasl/TPI/TPI-PROJECT-FRONTEND/PopBusrt/vendor/laravel/framework/src/Illuminate/Foundation/Http/Middleware/VerifyCsrfToken.php(78): Illuminate\\Pipeline\\Pipeline->Illuminate\\Pipeline\\{closure}()
#13 /home/edrasl/TPI/TPI-PROJECT-FRONTEND/PopBusrt/vendor/laravel/framework/src/Illuminate/Pipeline/Pipeline.php(180): Illuminate\\Foundation\\Http\\Middleware\\VerifyCsrfToken->handle()
#14 /home/edrasl/TPI/TPI-PROJECT-FRONTEND/PopBusrt/vendor/laravel/framework/src/Illuminate/View/Middleware/ShareErrorsFromSession.php(49): Illuminate\\Pipeline\\Pipeline->Illuminate\\Pipeline\\{closure}()
#15 /home/edrasl/TPI/TPI-PROJECT-FRONTEND/PopBusrt/vendor/laravel/framework/src/Illuminate/Pipeline/Pipeline.php(180): Illuminate\\View\\Middleware\\ShareErrorsFromSession->handle()
#16 /home/edrasl/TPI/TPI-PROJECT-FRONTEND/PopBusrt/vendor/laravel/framework/src/Illuminate/Session/Middleware/StartSession.php(121): Illuminate\\Pipeline\\Pipeline->Illuminate\\Pipeline\\{closure}()
#17 /home/edrasl/TPI/TPI-PROJECT-FRONTEND/PopBusrt/vendor/laravel/framework/src/Illuminate/Session/Middleware/StartSession.php(64): Illuminate\\Session\\Middleware\\StartSession->handleStatefulRequest()
#18 /home/edrasl/TPI/TPI-PROJECT-FRONTEND/PopBusrt/vendor/laravel/framework/src/Illuminate/Pipeline/Pipeline.php(180): Illuminate\\Session\\Middleware\\StartSession->handle()
#19 /home/edrasl/TPI/TPI-PROJECT-FRONTEND/PopBusrt/vendor/laravel/framework/src/Illuminate/Cookie/Middleware/AddQueuedCookiesToResponse.php(37): Illuminate\\Pipeline\\Pipeline->Illuminate\\Pipeline\\{closure}()
#20 /home/edrasl/TPI/TPI-PROJECT-FRONTEND/PopBusrt/vendor/laravel/framework/src/Illuminate/Pipeline/Pipeline.php(180): Illuminate\\Cookie\\Middleware\\AddQueuedCookiesToResponse->handle()
#21 /home/edrasl/TPI/TPI-PROJECT-FRONTEND/PopBusrt/vendor/laravel/framework/src/Illuminate/Cookie/Middleware/EncryptCookies.php(67): Illuminate\\Pipeline\\Pipeline->Illuminate\\Pipeline\\{closure}()
#22 /home/edrasl/TPI/TPI-PROJECT-FRONTEND/PopBusrt/vendor/laravel/framework/src/Illuminate/Pipeline/Pipeline.php(180): Illuminate\\Cookie\\Middleware\\EncryptCookies->handle()
#23 /home/edrasl/TPI/TPI-PROJECT-FRONTEND/PopBusrt/vendor/laravel/framework/src/Illuminate/Pipeline/Pipeline.php(116): Illuminate\\Pipeline\\Pipeline->Illuminate\\Pipeline\\{closure}()
#24 /home/edrasl/TPI/TPI-PROJECT-FRONTEND/PopBusrt/vendor/laravel/framework/src/Illuminate/Routing/Router.php(797): Illuminate\\Pipeline\\Pipeline->then()
#25 /home/edrasl/TPI/TPI-PROJECT-FRONTEND/PopBusrt/vendor/laravel/framework/src/Illuminate/Routing/Router.php(776): Illuminate\\Routing\\Router->runRouteWithinStack()
#26 /home/edrasl/TPI/TPI-PROJECT-FRONTEND/PopBusrt/vendor/laravel/framework/src/Illuminate/Routing/Router.php(740): Illuminate\\Routing\\Router->runRoute()
#27 /home/edrasl/TPI/TPI-PROJECT-FRONTEND/PopBusrt/vendor/laravel/framework/src/Illuminate/Routing/Router.php(729): Illuminate\\Routing\\Router->dispatchToRoute()
#28 /home/edrasl/TPI/TPI-PROJECT-FRONTEND/PopBusrt/vendor/laravel/framework/src/Illuminate/Foundation/Http/Kernel.php(190): Illuminate\\Routing\\Router->dispatch()
#29 /home/edrasl/TPI/TPI-PROJECT-FRONTEND/PopBusrt/vendor/laravel/framework/src/Illuminate/Pipeline/Pipeline.php(141): Illuminate\\Foundation\\Http\\Kernel->Illuminate\\Foundation\\Http\\{closure}()
#30 /home/edrasl/TPI/TPI-PROJECT-FRONTEND/PopBusrt/vendor/laravel/framework/src/Illuminate/Foundation/Http/Middleware/TransformsRequest.php(21): Illuminate\\Pipeline\\Pipeline->Illuminate\\Pipeline\\{closure}()
#31 /home/edrasl/TPI/TPI-PROJECT-FRONTEND/PopBusrt/vendor/laravel/framework/src/Illuminate/Foundation/Http/Middleware/ConvertEmptyStringsToNull.php(31): Illuminate\\Foundation\\Http\\Middleware\\TransformsRequest->handle()
#32 /home/edrasl/TPI/TPI-PROJECT-FRONTEND/PopBusrt/vendor/laravel/framework/src/Illuminate/Pipeline/Pipeline.php(180): Illuminate\\Foundation\\Http\\Middleware\\ConvertEmptyStringsToNull->handle()
#33 /home/edrasl/TPI/TPI-PROJECT-FRONTEND/PopBusrt/vendor/laravel/framework/src/Illuminate/Foundation/Http/Middleware/TransformsRequest.php(21): Illuminate\\Pipeline\\Pipeline->Illuminate\\Pipeline\\{closure}()
#34 /home/edrasl/TPI/TPI-PROJECT-FRONTEND/PopBusrt/vendor/laravel/framework/src/Illuminate/Foundation/Http/Middleware/TrimStrings.php(40): Illuminate\\Foundation\\Http\\Middleware\\TransformsRequest->handle()
#35 /home/edrasl/TPI/TPI-PROJECT-FRONTEND/PopBusrt/vendor/laravel/framework/src/Illuminate/Pipeline/Pipeline.php(180): Illuminate\\Foundation\\Http\\Middleware\\TrimStrings->handle()
#36 /home/edrasl/TPI/TPI-PROJECT-FRONTEND/PopBusrt/vendor/laravel/framework/src/Illuminate/Foundation/Http/Middleware/ValidatePostSize.php(27): Illuminate\\Pipeline\\Pipeline->Illuminate\\Pipeline\\{closure}()
#37 /home/edrasl/TPI/TPI-PROJECT-FRONTEND/PopBusrt/vendor/laravel/framework/src/Illuminate/Pipeline/Pipeline.php(180): Illuminate\\Foundation\\Http\\Middleware\\ValidatePostSize->handle()
#38 /home/edrasl/TPI/TPI-PROJECT-FRONTEND/PopBusrt/vendor/laravel/framework/src/Illuminate/Foundation/Http/Middleware/PreventRequestsDuringMaintenance.php(86): Illuminate\\Pipeline\\Pipeline->Illuminate\\Pipeline\\{closure}()
#39 /home/edrasl/TPI/TPI-PROJECT-FRONTEND/PopBusrt/vendor/laravel/framework/src/Illuminate/Pipeline/Pipeline.php(180): Illuminate\\Foundation\\Http\\Middleware\\PreventRequestsDuringMaintenance->handle()
#40 /home/edrasl/TPI/TPI-PROJECT-FRONTEND/PopBusrt/vendor/laravel/framework/src/Illuminate/Http/Middleware/HandleCors.php(49): Illuminate\\Pipeline\\Pipeline->Illuminate\\Pipeline\\{closure}()
#41 /home/edrasl/TPI/TPI-PROJECT-FRONTEND/PopBusrt/vendor/laravel/framework/src/Illuminate/Pipeline/Pipeline.php(180): Illuminate\\Http\\Middleware\\HandleCors->handle()
#42 /home/edrasl/TPI/TPI-PROJECT-FRONTEND/PopBusrt/vendor/laravel/framework/src/Illuminate/Http/Middleware/TrustProxies.php(39): Illuminate\\Pipeline\\Pipeline->Illuminate\\Pipeline\\{closure}()
#43 /home/edrasl/TPI/TPI-PROJECT-FRONTEND/PopBusrt/vendor/laravel/framework/src/Illuminate/Pipeline/Pipeline.php(180): Illuminate\\Http\\Middleware\\TrustProxies->handle()
#44 /home/edrasl/TPI/TPI-PROJECT-FRONTEND/PopBusrt/vendor/laravel/framework/src/Illuminate/Pipeline/Pipeline.php(116): Illuminate\\Pipeline\\Pipeline->Illuminate\\Pipeline\\{closure}()
#45 /home/edrasl/TPI/TPI-PROJECT-FRONTEND/PopBusrt/vendor/laravel/framework/src/Illuminate/Foundation/Http/Kernel.php(165): Illuminate\\Pipeline\\Pipeline->then()
#46 /home/edrasl/TPI/TPI-PROJECT-FRONTEND/PopBusrt/vendor/laravel/framework/src/Illuminate/Foundation/Http/Kernel.php(134): Illuminate\\Foundation\\Http\\Kernel->sendRequestThroughRouter()
#47 /home/edrasl/TPI/TPI-PROJECT-FRONTEND/PopBusrt/public/index.php(51): Illuminate\\Foundation\\Http\\Kernel->handle()
#48 /home/edrasl/TPI/TPI-PROJECT-FRONTEND/PopBusrt/vendor/laravel/framework/src/Illuminate/Foundation/resources/server.php(16): require_once('...')
#49 {main}
"} 
